[franzj.gg/index.html]
[backblue.gif]
[fade.gif]
[index.html]
[franzj.gg/stylesheet.css]
[franzj.gg/img/favicon.ico]
[franzj.gg/img/youtube-icon.svg]
[franzj.gg/img/twitter-icon.svg]
[franzj.gg/img/twitch-icon.svg]
[franzj.gg/img/steam-icon.svg]
[franzj.gg/img/discord-icon.svg]
[franzj.gg/img/instagram-icon.svg]
[franzj.gg/img/setup.svg]
[franzj.gg/img/sponsors.svg]
[franzj.gg/img/skinaway.svg]
[franzj.gg/img/csgoroll.svg]
[franzj.gg/img/youtube.svg]
[franzj.gg/img/twitch.svg]
[embed.twitch.tv/embed/v1.js]
[s3-us-west-2.amazonaws.com/s.cdpn.io/16327/gsap-latest-beta.min.js]
[cdnjs.cloudflare.com/ajax/libs/jquery/2.1.3/jquery.min.js]
[franzj.gg/script.js]
[franzj.gg/__/firebase/8.2.6/firebase-app.js]
[franzj.gg/__/firebase/8.2.6/firebase-analytics.js]
[franzj.gg/__/firebase/init.js]
[franzj.gg/index.html]
[franzj.gg/fonts/CalmMedium.ttf]
[franzj.gg/stylesheet.css]
[franzj.gg/img/youtube-icon.svg]
[franzj.gg/img/twitter-icon.svg]
[franzj.gg/img/twitch-icon.svg]
[franzj.gg/img/steam-icon.svg]
[franzj.gg/img/discord-icon.svg]
[franzj.gg/img/instagram-icon.svg]
[franzj.gg/img/setup.svg]
[franzj.gg/img/sponsors.svg]
[franzj.gg/img/skinaway.svg]
[franzj.gg/img/csgoroll.svg]
[franzj.gg/img/youtube.svg]
[franzj.gg/img/twitch.svg]
[embed.twitch.tv/embed/v1.js]
[franzj.gg/fonts/Monument.ttf]
